Part 1 run_all log
ROOT: /Users/sanaa/Dev/github/JPM
PYTHON: /opt/homebrew/Caskroom/miniforge/base/envs/tf-mac/bin/python
TIME: 2026-02-27T15:10:14.377527


==========================================================================================
RUN:    reproduce_table1
MODULE: jpm_q3.zhang25.experiments.reproduce_table1
CMD:    /opt/homebrew/Caskroom/miniforge/base/envs/tf-mac/bin/python -m jpm_q3.zhang25.experiments.reproduce_table1
TIME:   2026-02-27T15:10:14.377645
==========================================================================================
Epoch 001 NLL: 0.8306
Epoch 002 NLL: 0.7917
Epoch 003 NLL: 0.7684
Epoch 004 NLL: 0.732
Epoch 005 NLL: 0.7025
Epoch 006 NLL: 0.6863
Epoch 007 NLL: 0.6747
Epoch 008 NLL: 0.6739
Epoch 009 NLL: 0.6755
Epoch 010 NLL: 0.6688
Epoch 011 NLL: 0.6733
Epoch 012 NLL: 0.6713
Epoch 013 NLL: 0.672
Epoch 014 NLL: 0.6759
Epoch 015 NLL: 0.6756
Epoch 016 NLL: 0.6687
Epoch 017 NLL: 0.6673
Epoch 018 NLL: 0.6677
Epoch 019 NLL: 0.6627
Epoch 020 NLL: 0.6642
Epoch 021 NLL: 0.6662
Epoch 022 NLL: 0.6658
Epoch 023 NLL: 0.6653
Epoch 024 NLL: 0.6651
Epoch 025 NLL: 0.6661
Epoch 026 NLL: 0.6668
Epoch 027 NLL: 0.667
Epoch 028 NLL: 0.6657
Epoch 029 NLL: 0.6648
Epoch 030 NLL: 0.6635
Epoch 031 NLL: 0.6628
Epoch 032 NLL: 0.6634
Epoch 033 NLL: 0.6638
Epoch 034 NLL: 0.6643
Epoch 035 NLL: 0.6648
Epoch 036 NLL: 0.666
Epoch 037 NLL: 0.6664
Epoch 038 NLL: 0.6653
Epoch 039 NLL: 0.665
Epoch 040 NLL: 0.6654
Epoch 041 NLL: 0.6639
Epoch 042 NLL: 0.6644
Epoch 043 NLL: 0.6633
Epoch 044 NLL: 0.6641
Epoch 045 NLL: 0.6653
Epoch 046 NLL: 0.6661
Epoch 047 NLL: 0.6652
Epoch 048 NLL: 0.665
Epoch 049 NLL: 0.6642
Epoch 050 NLL: 0.6637
Epoch 051 NLL: 0.6641
Epoch 052 NLL: 0.6644
Epoch 053 NLL: 0.6639
Epoch 054 NLL: 0.6648
Epoch 055 NLL: 0.6639
Epoch 056 NLL: 0.6633
Epoch 057 NLL: 0.6637
Epoch 058 NLL: 0.6648
Epoch 059 NLL: 0.6641
Epoch 060 NLL: 0.6646
Epoch 061 NLL: 0.6662
Epoch 062 NLL: 0.664
Epoch 063 NLL: 0.6651
Epoch 064 NLL: 0.6649
Epoch 065 NLL: 0.6647
Epoch 066 NLL: 0.6633
Epoch 067 NLL: 0.6646
Epoch 068 NLL: 0.6637
Epoch 069 NLL: 0.6641
Epoch 070 NLL: 0.664
Epoch 071 NLL: 0.6643
Epoch 072 NLL: 0.6645
Epoch 073 NLL: 0.6636
Epoch 074 NLL: 0.6641
Epoch 075 NLL: 0.6645
Epoch 076 NLL: 0.6641
Epoch 077 NLL: 0.6646
Epoch 078 NLL: 0.6642
Epoch 079 NLL: 0.664
Epoch 080 NLL: 0.664
Epoch 081 NLL: 0.6637
Epoch 082 NLL: 0.6644
Epoch 083 NLL: 0.6643
Epoch 084 NLL: 0.6647
Epoch 085 NLL: 0.6645
Epoch 086 NLL: 0.6653
Epoch 087 NLL: 0.6638
Epoch 088 NLL: 0.6655
Epoch 089 NLL: 0.6647
Epoch 090 NLL: 0.6668
Epoch 091 NLL: 0.6654
Epoch 092 NLL: 0.6649
Epoch 093 NLL: 0.6632
Epoch 094 NLL: 0.6638
Epoch 095 NLL: 0.6621
Epoch 096 NLL: 0.6645
Epoch 097 NLL: 0.6636
Epoch 098 NLL: 0.6635
Epoch 099 NLL: 0.6641
Epoch 100 NLL: 0.6645
Training data:
 available: (11000, 4)
 choices:   (11000,)
 item_ids:  (11000, 4)

=== Target vs Predicted ===
S=(1, 2)        target=[0.98 0.02 0.   0.  ]  pred=[0.976 0.024 0.    0.   ]
S=(1, 3)        target=[0.5 0.  0.5 0. ]  pred=[0.527 0.    0.473 0.   ]
S=(1, 4)        target=[0.5 0.  0.  0.5]  pred=[0.522 0.    0.    0.478]
S=(2, 3)        target=[0.  0.5 0.5 0. ]  pred=[0.    0.514 0.486 0.   ]
S=(2, 4)        target=[0.  0.5 0.  0.5]  pred=[0.    0.451 0.    0.549]
S=(3, 4)        target=[0.  0.  0.9 0.1]  pred=[0.   0.   0.92 0.08]
S=(1, 2, 3)     target=[0.49 0.01 0.5  0.  ]  pred=[0.507 0.008 0.484 0.   ]
S=(1, 2, 4)     target=[0.49 0.01 0.   0.5 ]  pred=[0.477 0.01  0.    0.513]
S=(1, 3, 4)     target=[0.5  0.   0.45 0.05]  pred=[0.486 0.    0.459 0.054]
S=(2, 3, 4)     target=[0.   0.5  0.45 0.05]  pred=[0.    0.486 0.468 0.046]
S=(1, 2, 3, 4)  target=[0.49 0.01 0.45 0.05]  pred=[0.496 0.014 0.426 0.064]

Saved:
 - /Users/sanaa/Dev/github/JPM/results/table1_predictions.csv
 - /Users/sanaa/Dev/github/JPM/results/figures/heatmap_target.png
 - /Users/sanaa/Dev/github/JPM/results/figures/heatmap_predicted.png

[EXIT CODE] 0


==========================================================================================
RUN:    influence_map
MODULE: jpm_q3.zhang25.experiments.influence_map
CMD:    /opt/homebrew/Caskroom/miniforge/base/envs/tf-mac/bin/python -m jpm_q3.zhang25.experiments.influence_map
TIME:   2026-02-27T15:11:09.390587
==========================================================================================
Epoch 001 NLL: 0.8757
Epoch 002 NLL: 0.8066
Epoch 003 NLL: 0.7887
Epoch 004 NLL: 0.7742
Epoch 005 NLL: 0.7554
Epoch 006 NLL: 0.7267
Epoch 007 NLL: 0.6971
Epoch 008 NLL: 0.6816
Epoch 009 NLL: 0.6693
Epoch 010 NLL: 0.667
Epoch 011 NLL: 0.6677
Epoch 012 NLL: 0.6662
Epoch 013 NLL: 0.6653
Epoch 014 NLL: 0.6663
Epoch 015 NLL: 0.6672
Epoch 016 NLL: 0.6655
Epoch 017 NLL: 0.666
Epoch 018 NLL: 0.6701
Epoch 019 NLL: 0.6662
Epoch 020 NLL: 0.6656
Epoch 021 NLL: 0.668
Epoch 022 NLL: 0.6664
Epoch 023 NLL: 0.6653
Epoch 024 NLL: 0.6667
Epoch 025 NLL: 0.6676
Epoch 026 NLL: 0.6672
Epoch 027 NLL: 0.6661
Epoch 028 NLL: 0.668
Epoch 029 NLL: 0.6674
Epoch 030 NLL: 0.6682
Epoch 031 NLL: 0.6658
Epoch 032 NLL: 0.6642
Epoch 033 NLL: 0.6644
Epoch 034 NLL: 0.6649
Epoch 035 NLL: 0.6654
Epoch 036 NLL: 0.6657
Epoch 037 NLL: 0.6657
Epoch 038 NLL: 0.665
Epoch 039 NLL: 0.6643
Epoch 040 NLL: 0.6646
Epoch 041 NLL: 0.6635
Epoch 042 NLL: 0.6651
Epoch 043 NLL: 0.6638
Epoch 044 NLL: 0.6638
Epoch 045 NLL: 0.6647
Epoch 046 NLL: 0.6652
Epoch 047 NLL: 0.6647
Epoch 048 NLL: 0.6649
Epoch 049 NLL: 0.6642
Epoch 050 NLL: 0.6638
Epoch 051 NLL: 0.664
Epoch 052 NLL: 0.6644
Epoch 053 NLL: 0.6639
Epoch 054 NLL: 0.665
Epoch 055 NLL: 0.6633
Epoch 056 NLL: 0.663
Epoch 057 NLL: 0.6638
Epoch 058 NLL: 0.6644
Epoch 059 NLL: 0.6639
Epoch 060 NLL: 0.6647
Epoch 061 NLL: 0.6663
Epoch 062 NLL: 0.6638
Epoch 063 NLL: 0.6656
Epoch 064 NLL: 0.6645
Epoch 065 NLL: 0.6647
Epoch 066 NLL: 0.6633
Epoch 067 NLL: 0.6644
Epoch 068 NLL: 0.6635
Epoch 069 NLL: 0.664
Epoch 070 NLL: 0.6638
Epoch 071 NLL: 0.6643
Epoch 072 NLL: 0.6645
Epoch 073 NLL: 0.6636
Epoch 074 NLL: 0.664
Epoch 075 NLL: 0.6643
Epoch 076 NLL: 0.6641
Epoch 077 NLL: 0.6652
Epoch 078 NLL: 0.6641
Epoch 079 NLL: 0.6643
Epoch 080 NLL: 0.664
Epoch 081 NLL: 0.6636
Epoch 082 NLL: 0.6645
Epoch 083 NLL: 0.6643
Epoch 084 NLL: 0.6645
Epoch 085 NLL: 0.6647
Epoch 086 NLL: 0.665
Epoch 087 NLL: 0.6638
Epoch 088 NLL: 0.6652
Epoch 089 NLL: 0.6652
Epoch 090 NLL: 0.6667
Epoch 091 NLL: 0.6655
Epoch 092 NLL: 0.6652
Epoch 093 NLL: 0.6632
Epoch 094 NLL: 0.664
Epoch 095 NLL: 0.6621
Epoch 096 NLL: 0.6649
Epoch 097 NLL: 0.6632
Epoch 098 NLL: 0.6637
Epoch 099 NLL: 0.6638
Epoch 100 NLL: 0.6647
Training data shape:
  available: (11000, 4)
  choices:   (11000,)
  item_ids:  (11000, 4)

Influence matrix I(i -> j):
[[ 0.         -0.4616228  -0.17225738 -0.01652772]
 [-0.02203833  0.         -0.15195687  0.00451904]
 [-0.15191387  0.01160213  0.         -0.47750962]
 [-0.18682034 -0.01102175 -0.03111909  0.        ]]

Saved:
  - influence heatmap: /Users/sanaa/Dev/github/JPM/results/figures/influence_matrix.png
  - influence csv:     /Users/sanaa/Dev/github/JPM/results/influence_matrix.csv

[EXIT CODE] 0


==========================================================================================
RUN:    attraction_effect_tf
MODULE: jpm_q3.zhang25.experiments.attraction_effect_tf
CMD:    /opt/homebrew/Caskroom/miniforge/base/envs/tf-mac/bin/python -m jpm_q3.zhang25.experiments.attraction_effect_tf
TIME:   2026-02-27T15:12:09.748592
==========================================================================================
Epoch 001 NLL: 0.8331
Epoch 002 NLL: 0.6781
Epoch 003 NLL: 0.6664
Epoch 004 NLL: 0.6667
Epoch 005 NLL: 0.6617
Epoch 006 NLL: 0.6566
Epoch 007 NLL: 0.6535
Epoch 008 NLL: 0.6537
Epoch 009 NLL: 0.653
Epoch 010 NLL: 0.6536
Epoch 011 NLL: 0.6529
Epoch 012 NLL: 0.6527
Epoch 013 NLL: 0.6525
Epoch 014 NLL: 0.6526
Epoch 015 NLL: 0.6528
Epoch 016 NLL: 0.6523
Epoch 017 NLL: 0.6534
Epoch 018 NLL: 0.6529
Epoch 019 NLL: 0.6533
Epoch 020 NLL: 0.6526
Epoch 021 NLL: 0.6532
Epoch 022 NLL: 0.6539
Epoch 023 NLL: 0.6533
Epoch 024 NLL: 0.6529
Epoch 025 NLL: 0.6526
Epoch 026 NLL: 0.6527
Epoch 027 NLL: 0.6526
Epoch 028 NLL: 0.6523
Epoch 029 NLL: 0.653
Epoch 030 NLL: 0.6534
Epoch 031 NLL: 0.6534
Epoch 032 NLL: 0.6541
Epoch 033 NLL: 0.6537
Epoch 034 NLL: 0.6545
Epoch 035 NLL: 0.653
Epoch 036 NLL: 0.6528
Epoch 037 NLL: 0.6533
Epoch 038 NLL: 0.6542
Epoch 039 NLL: 0.6533
Epoch 040 NLL: 0.6528
Epoch 041 NLL: 0.6524
Epoch 042 NLL: 0.6526
Epoch 043 NLL: 0.6527
Epoch 044 NLL: 0.6523
Epoch 045 NLL: 0.6529
Epoch 046 NLL: 0.6529
Epoch 047 NLL: 0.6528
Epoch 048 NLL: 0.653
Epoch 049 NLL: 0.653
Epoch 050 NLL: 0.653
Epoch 051 NLL: 0.6533
Epoch 052 NLL: 0.6528
Epoch 053 NLL: 0.6526
Epoch 054 NLL: 0.6527
Epoch 055 NLL: 0.6525
Epoch 056 NLL: 0.6525
Epoch 057 NLL: 0.6522
Epoch 058 NLL: 0.6526
Epoch 059 NLL: 0.6528
Epoch 060 NLL: 0.6524
Epoch 061 NLL: 0.6525
Epoch 062 NLL: 0.6532
Epoch 063 NLL: 0.6532
Epoch 064 NLL: 0.6532
Epoch 065 NLL: 0.6529
Epoch 066 NLL: 0.653
Epoch 067 NLL: 0.6531
Epoch 068 NLL: 0.6529
Epoch 069 NLL: 0.6523
Epoch 070 NLL: 0.6533
Epoch 071 NLL: 0.6535
Epoch 072 NLL: 0.6529
Epoch 073 NLL: 0.6529
Epoch 074 NLL: 0.6526
Epoch 075 NLL: 0.6528
Epoch 076 NLL: 0.6529
Epoch 077 NLL: 0.653
Epoch 078 NLL: 0.6528
Epoch 079 NLL: 0.6525
Epoch 080 NLL: 0.6529
Training data shape:
  available: (10000, 3)
  choices:   (10000,)
  item_ids:  (10000, 3)

Predicted probabilities (TF):
  P(. | {A,B})   = [0.502 0.498 0.   ]
  P(. | {A,B,C}) = [0.301 0.699 0.   ]

Attraction effect on B: P(B | ABC) - P(B | AB) = 0.201

Saved TF bar plot to: /Users/sanaa/Dev/github/JPM/results/figures/attraction_effect_probs_tf.png

[EXIT CODE] 0


==========================================================================================
RUN:    decoy_effect
MODULE: jpm_q3.zhang25.experiments.decoy_effect
CMD:    /opt/homebrew/Caskroom/miniforge/base/envs/tf-mac/bin/python -m jpm_q3.zhang25.experiments.decoy_effect
TIME:   2026-02-27T15:12:52.958315
==========================================================================================
Epoch 001 NLL: 0.8938
Epoch 002 NLL: 0.7034
Epoch 003 NLL: 0.6939
Epoch 004 NLL: 0.691
Epoch 005 NLL: 0.6887
Epoch 006 NLL: 0.6875
Epoch 007 NLL: 0.6856
Epoch 008 NLL: 0.6828
Epoch 009 NLL: 0.682
Epoch 010 NLL: 0.6814
Epoch 011 NLL: 0.6821
Epoch 012 NLL: 0.6844
Epoch 013 NLL: 0.6827
Epoch 014 NLL: 0.6818
Epoch 015 NLL: 0.6813
Epoch 016 NLL: 0.6814
Epoch 017 NLL: 0.6813
Epoch 018 NLL: 0.6819
Epoch 019 NLL: 0.6814
Epoch 020 NLL: 0.6816
Epoch 021 NLL: 0.6816
Epoch 022 NLL: 0.6811
Epoch 023 NLL: 0.6813
Epoch 024 NLL: 0.6812
Epoch 025 NLL: 0.6813
Epoch 026 NLL: 0.6815
Epoch 027 NLL: 0.6811
Epoch 028 NLL: 0.6815
Epoch 029 NLL: 0.6815
Epoch 030 NLL: 0.6819
Epoch 031 NLL: 0.6823
Epoch 032 NLL: 0.6813
Epoch 033 NLL: 0.6812
Epoch 034 NLL: 0.6814
Epoch 035 NLL: 0.6814
Epoch 036 NLL: 0.6813
Epoch 037 NLL: 0.6813
Epoch 038 NLL: 0.6814
Epoch 039 NLL: 0.6812
Epoch 040 NLL: 0.6813
Epoch 041 NLL: 0.6815
Epoch 042 NLL: 0.6814
Epoch 043 NLL: 0.6816
Epoch 044 NLL: 0.6814
Epoch 045 NLL: 0.6812
Epoch 046 NLL: 0.6812
Epoch 047 NLL: 0.6814
Epoch 048 NLL: 0.6816
Epoch 049 NLL: 0.6815
Epoch 050 NLL: 0.6813
Epoch 051 NLL: 0.6817
Epoch 052 NLL: 0.6812
Epoch 053 NLL: 0.6812
Epoch 054 NLL: 0.6812
Epoch 055 NLL: 0.6815
Epoch 056 NLL: 0.6815
Epoch 057 NLL: 0.6817
Epoch 058 NLL: 0.6817
Epoch 059 NLL: 0.6812
Epoch 060 NLL: 0.6814
Epoch 061 NLL: 0.6814
Epoch 062 NLL: 0.6812
Epoch 063 NLL: 0.6814
Epoch 064 NLL: 0.6812
Epoch 065 NLL: 0.6813
Epoch 066 NLL: 0.6814
Epoch 067 NLL: 0.6813
Epoch 068 NLL: 0.6809
Epoch 069 NLL: 0.6813
Epoch 070 NLL: 0.6815
Epoch 071 NLL: 0.6816
Epoch 072 NLL: 0.6813
Epoch 073 NLL: 0.6815
Epoch 074 NLL: 0.6814
Epoch 075 NLL: 0.6812
Epoch 076 NLL: 0.6813
Epoch 077 NLL: 0.6813
Epoch 078 NLL: 0.6813
Epoch 079 NLL: 0.6816
Epoch 080 NLL: 0.6815
Training data shape:
  available: (10000, 3)
  choices:   (10000,)
  item_ids:  (10000, 3)

Predicted probabilities:
  P(. | {A,B})     = [0.461 0.539 0.   ]
  P(. | {A,B,C})   = [0.597 0.403 0.   ]

Decoy effect on A: P(A | ABC) - P(A | AB) = 0.136
  -> Decoy effect present (A becomes more likely when C is added).

Saved bar plot to: /Users/sanaa/Dev/github/JPM/results/figures/decoy_effect_probs.png

[EXIT CODE] 0


==========================================================================================
RUN:    compromise_effect_tf
MODULE: jpm_q3.zhang25.experiments.compromise_effect_tf
CMD:    /opt/homebrew/Caskroom/miniforge/base/envs/tf-mac/bin/python -m jpm_q3.zhang25.experiments.compromise_effect_tf
TIME:   2026-02-27T15:13:36.517247
==========================================================================================
Epoch 001 NLL: 0.8106
Epoch 002 NLL: 0.803
Epoch 003 NLL: 0.7627
Epoch 004 NLL: 0.7529
Epoch 005 NLL: 0.7545
Epoch 006 NLL: 0.7522
Epoch 007 NLL: 0.7512
Epoch 008 NLL: 0.7521
Epoch 009 NLL: 0.7505
Epoch 010 NLL: 0.7488
Epoch 011 NLL: 0.7475
Epoch 012 NLL: 0.742
Epoch 013 NLL: 0.7334
Epoch 014 NLL: 0.7128
Epoch 015 NLL: 0.6799
Epoch 016 NLL: 0.6495
Epoch 017 NLL: 0.6326
Epoch 018 NLL: 0.6284
Epoch 019 NLL: 0.6281
Epoch 020 NLL: 0.6264
Epoch 021 NLL: 0.6255
Epoch 022 NLL: 0.6257
Epoch 023 NLL: 0.6262
Epoch 024 NLL: 0.6266
Epoch 025 NLL: 0.6233
Epoch 026 NLL: 0.622
Epoch 027 NLL: 0.6223
Epoch 028 NLL: 0.6236
Epoch 029 NLL: 0.6226
Epoch 030 NLL: 0.6229
Epoch 031 NLL: 0.6219
Epoch 032 NLL: 0.624
Epoch 033 NLL: 0.6247
Epoch 034 NLL: 0.6246
Epoch 035 NLL: 0.6243
Epoch 036 NLL: 0.6244
Epoch 037 NLL: 0.6237
Epoch 038 NLL: 0.623
Epoch 039 NLL: 0.623
Epoch 040 NLL: 0.6233
Epoch 041 NLL: 0.6236
Epoch 042 NLL: 0.6242
Epoch 043 NLL: 0.6239
Epoch 044 NLL: 0.6232
Epoch 045 NLL: 0.6252
Epoch 046 NLL: 0.6248
Epoch 047 NLL: 0.6236
Epoch 048 NLL: 0.6253
Epoch 049 NLL: 0.6246
Epoch 050 NLL: 0.6235
Epoch 051 NLL: 0.6234
Epoch 052 NLL: 0.6224
Epoch 053 NLL: 0.6231
Epoch 054 NLL: 0.6229
Epoch 055 NLL: 0.6238
Epoch 056 NLL: 0.6241
Epoch 057 NLL: 0.6239
Epoch 058 NLL: 0.623
Epoch 059 NLL: 0.6229
Epoch 060 NLL: 0.6234
Epoch 061 NLL: 0.6239
Epoch 062 NLL: 0.6237
Epoch 063 NLL: 0.6252
Epoch 064 NLL: 0.6232
Epoch 065 NLL: 0.623
Epoch 066 NLL: 0.6265
Epoch 067 NLL: 0.6222
Epoch 068 NLL: 0.626
Epoch 069 NLL: 0.6233
Epoch 070 NLL: 0.6255
Epoch 071 NLL: 0.6248
Epoch 072 NLL: 0.6241
Epoch 073 NLL: 0.6246
Epoch 074 NLL: 0.6236
Epoch 075 NLL: 0.6237
Epoch 076 NLL: 0.6241
Epoch 077 NLL: 0.6233
Epoch 078 NLL: 0.6257
Epoch 079 NLL: 0.6226
Epoch 080 NLL: 0.6237
Training data shape:
 available: (12000, 3)
 choices:   (12000,)
 item_ids:  (12000, 3)

Predicted probabilities:
  P(. | {A,B})   = [0.269 0.731 0.   ]
  P(. | {B,C})   = [0.    0.305 0.695]
  P(. | {A,B,C}) = [0.09  0.817 0.093]

Compromise effect on B:
  P(B | ABC) = 0.817
  max(P(B | AB), P(B | BC)) = 0.731
  Δ_comp = 0.086
  -> Compromise effect present.
Saved: /Users/sanaa/Dev/github/JPM/results/compromise_effect_tf.txt

[EXIT CODE] 0
